\BOOKMARK [0][-]{chapter.1}{\376\377\000C\000r\000i\000s\000i\000\040\000d\000e\000l\000l\000a\000\040\000f\000i\000s\000i\000c\000a\000\040\000c\000l\000a\000s\000s\000i\000c\000a}{}% 1
\BOOKMARK [1][-]{section.1.1}{\376\377\000C\000o\000r\000p\000o\000\040\000N\000e\000r\000o}{chapter.1}% 2
\BOOKMARK [1][-]{section.1.2}{\376\377\000E\000f\000f\000e\000t\000t\000o\000\040\000f\000o\000t\000o\000e\000l\000e\000t\000t\000r\000i\000c\000o}{chapter.1}% 3
\BOOKMARK [1][-]{section.1.3}{\376\377\000E\000f\000f\000e\000t\000t\000o\000\040\000C\000o\000m\000p\000t\000o\000n}{chapter.1}% 4
\BOOKMARK [1][-]{section.1.4}{\376\377\000A\000t\000o\000m\000o\000\040\000d\000i\000\040\000B\000o\000h\000r}{chapter.1}% 5
\BOOKMARK [1][-]{section.1.5}{\376\377\000F\000i\000g\000u\000r\000e\000\040\000d\000'\000I\000n\000t\000e\000r\000f\000e\000r\000e\000n\000z\000a\000\040\000p\000e\000r\000\040\000f\000a\000s\000c\000i\000\040\000d\000i\000\040\000e\000l\000e\000t\000t\000r\000o\000n\000i}{chapter.1}% 6
\BOOKMARK [0][-]{chapter.2}{\376\377\000I\000n\000t\000r\000o\000d\000u\000z\000i\000o\000n\000e\000\040\000a\000l\000l\000a\000\040\000m\000e\000c\000c\000a\000n\000i\000c\000a\000\040\000q\000u\000a\000n\000t\000i\000s\000t\000i\000c\000a}{}% 7
\BOOKMARK [1][-]{section.2.1}{\376\377\000N\000o\000t\000a\000z\000i\000o\000n\000e\000\040\000d\000i\000\040\000D\000i\000r\000a\000c\000\040\000e\000\040\000r\000a\000p\000p\000r\000e\000s\000e\000n\000t\000a\000z\000i\000o\000n\000e\000\040\000d\000e\000l\000l\000e\000\040\000c\000o\000o\000r\000d\000i\000n\000a\000t\000e}{chapter.2}% 8
\BOOKMARK [2][-]{subsection.2.1.1}{\376\377\000N\000o\000t\000a\000z\000i\000o\000n\000e\000\040\000d\000i\000\040\000D\000i\000r\000a\000c}{section.2.1}% 9
\BOOKMARK [2][-]{subsection.2.1.2}{\376\377\000R\000a\000p\000p\000r\000e\000s\000e\000n\000t\000a\000z\000i\000o\000n\000e\000\040\000d\000i\000\040\000S\000c\000h\000r\000\366\000d\000i\000n\000g\000e\000r\000\040\000\050\000o\000\040\000d\000e\000l\000l\000e\000\040\000c\000o\000o\000r\000d\000i\000n\000a\000t\000e\000\051}{section.2.1}% 10
\BOOKMARK [1][-]{section.2.2}{\376\377\000I\000\040\000p\000o\000s\000t\000u\000l\000a\000t\000i\000\040\000d\000e\000l\000l\000a\000\040\000m\000e\000c\000c\000a\000n\000i\000c\000a\000\040\000q\000u\000a\000n\000t\000i\000s\000t\000i\000c\000a}{chapter.2}% 11
\BOOKMARK [2][-]{subsection.2.2.1}{\376\377\000P\000r\000i\000n\000c\000i\000p\000i\000o\000\040\000d\000i\000\040\000s\000o\000v\000r\000a\000p\000p\000o\000s\000i\000z\000i\000o\000n\000e}{section.2.2}% 12
\BOOKMARK [2][-]{subsection.2.2.2}{\376\377\000L\000e\000\040\000o\000s\000s\000e\000r\000v\000a\000b\000i\000l\000i}{section.2.2}% 13
\BOOKMARK [2][-]{subsection.2.2.3}{\376\377\000P\000r\000o\000b\000a\000b\000i\000l\000i\000t\000\340\000\040\000d\000i\000\040\000t\000r\000a\000n\000s\000i\000z\000i\000o\000n\000e}{section.2.2}% 14
\BOOKMARK [1][-]{section.2.3}{\376\377\000C\000o\000n\000s\000e\000g\000u\000e\000n\000z\000e\000\040\000d\000e\000i\000\040\000p\000o\000s\000t\000u\000l\000a\000t\000i}{chapter.2}% 15
\BOOKMARK [2][-]{subsection.2.3.1}{\376\377\000O\000s\000s\000e\000r\000v\000a\000b\000i\000l\000i\000\040\000n\000o\000n\000\040\000d\000e\000g\000e\000n\000e\000r\000i}{section.2.3}% 16
\BOOKMARK [2][-]{subsection.2.3.2}{\376\377\000O\000s\000s\000e\000r\000v\000a\000b\000i\000l\000i\000\040\000d\000e\000g\000e\000n\000e\000r\000i}{section.2.3}% 17
\BOOKMARK [2][-]{subsection.2.3.3}{\376\377\000P\000o\000s\000t\000u\000l\000a\000t\000o\000\040\000d\000i\000\040\000V\000o\000n\000\040\000N\000e\000u\000m\000a\000n\000n}{section.2.3}% 18
\BOOKMARK [1][-]{section.2.4}{\376\377\000O\000p\000e\000r\000a\000t\000o\000r\000e\000\040\000d\000i\000\040\000H\000a\000m\000i\000l\000t\000o\000n\000\040\000e\000d\000\040\000E\000q\000u\000a\000z\000i\000o\000n\000e\000\040\000d\000i\000\040\000S\000c\000h\000r\000\366\000d\000i\000n\000g\000e\000r}{chapter.2}% 19
\BOOKMARK [1][-]{section.2.5}{\376\377\000E\000v\000o\000l\000u\000z\000i\000o\000n\000e\000\040\000t\000e\000m\000p\000o\000r\000a\000l\000e\000\040\000e\000d\000\040\000e\000q\000u\000a\000z\000i\000o\000n\000e\000\040\000d\000i\000\040\000S\000c\000h\000r\000\366\000d\000i\000n\000g\000e\000r\000\040\000d\000i\000p\000e\000n\000d\000e\000n\000t\000e\000\040\000d\000a\000l\000\040\000t\000e\000m\000p\000o}{chapter.2}% 20
\BOOKMARK [2][-]{subsection.2.5.1}{\376\377\000L\000'\000e\000q\000u\000a\000z\000i\000o\000n\000e\000\040\000d\000i\000\040\000S\000c\000h\000r\000\366\000d\000i\000n\000g\000e\000r\000\040\000d\000i\000p\000e\000n\000d\000e\000n\000t\000e\000\040\000d\000a\000l\000\040\000t\000e\000m\000p\000o}{section.2.5}% 21
\BOOKMARK [3][-]{subsubsection.2.5.1.1}{\376\377\000S\000t\000a\000t\000i\000\040\000s\000t\000a\000z\000i\000o\000n\000a\000r\000i}{subsection.2.5.1}% 22
\BOOKMARK [0][-]{chapter.3}{\376\377\000I\000l\000\040\000m\000o\000m\000e\000n\000t\000o\000\040\000a\000n\000g\000o\000l\000a\000r\000e}{}% 23
\BOOKMARK [1][-]{section.3.1}{\376\377\000I\000n\000t\000r\000o\000d\000u\000z\000i\000o\000n\000e}{chapter.3}% 24
\BOOKMARK [1][-]{section.3.2}{\376\377\000P\000r\000i\000n\000c\000i\000p\000i\000o\000\040\000d\000i\000\040\000c\000o\000n\000s\000e\000r\000v\000a\000z\000i\000o\000n\000e}{chapter.3}% 25
\BOOKMARK [1][-]{section.3.3}{\376\377\000I\000n\000v\000a\000r\000i\000a\000n\000z\000a\000\040\000p\000e\000r\000\040\000r\000o\000t\000a\000z\000i\000o\000n\000i\000\040\000e\000\040\000c\000o\000n\000s\000e\000r\000v\000a\000z\000i\000o\000n\000e\000\040\000d\000e\000l\000\040\000m\000o\000m\000e\000n\000t\000o\000\040\000a\000n\000g\000o\000l\000a\000r\000e}{chapter.3}% 26
\BOOKMARK [1][-]{section.3.4}{\376\377\000R\000e\000g\000o\000l\000e\000\040\000d\000i\000\040\000c\000o\000m\000m\000u\000t\000a\000z\000i\000o\000n\000e\000\040\000d\000e\000l\000\040\000m\000o\000m\000e\000n\000t\000o\000\040\000a\000n\000g\000o\000l\000a\000r\000e}{chapter.3}% 27
\BOOKMARK [2][-]{subsection.3.4.1}{\376\377\000P\000r\000o\000p\000r\000i\000e\000t\000\340\000\040\000d\000e\000i\000\040\000c\000o\000m\000m\000u\000t\000a\000t\000o\000r\000i}{section.3.4}% 28
\BOOKMARK [2][-]{subsection.3.4.2}{\376\377\000C\000o\000m\000m\000u\000t\000a\000z\000i\000o\000n\000e\000\040\000t\000r\000a\000\040\000q\000\040\000e\000\040\000p}{section.3.4}% 29
\BOOKMARK [2][-]{subsection.3.4.3}{\376\377\000C\000o\000m\000m\000u\000t\000a\000z\000i\000o\000n\000e\000\040\000t\000r\000a\000\040\000q\000\040\000e\000\040\000L}{section.3.4}% 30
\BOOKMARK [2][-]{subsection.3.4.4}{\376\377\000C\000o\000m\000m\000u\000t\000a\000z\000i\000o\000n\000e\000\040\000t\000r\000a\000\040\000p\000\040\000e\000\040\000L}{section.3.4}% 31
\BOOKMARK [2][-]{subsection.3.4.5}{\376\377\000C\000o\000m\000m\000u\000t\000a\000z\000i\000o\000n\000e\000\040\000t\000r\000a\000\040\000c\000o\000m\000p\000o\000n\000e\000n\000t\000i\000\040\000d\000i\000\040\000L}{section.3.4}% 32
\BOOKMARK [1][-]{section.3.5}{\376\377\000I\000l\000\040\000m\000o\000d\000u\000l\000o\000\040\000q\000u\000a\000d\000r\000o\000\040\000d\000e\000l\000\040\000m\000o\000m\000e\000n\000t\000o\000\040\000a\000n\000g\000o\000l\000a\000r\000e}{chapter.3}% 33
\BOOKMARK [1][-]{section.3.6}{\376\377\000A\000u\000t\000o\000v\000a\000l\000o\000r\000i\000\040\000e\000d\000\040\000a\000u\000t\000o\000f\000u\000n\000z\000i\000o\000n\000i\000\040\000d\000e\000l\000\040\000m\000o\000m\000e\000n\000t\000o\000\040\000a\000n\000g\000o\000l\000a\000r\000e}{chapter.3}% 34
\BOOKMARK [2][-]{subsection.3.6.1}{\376\377\000R\000i\000p\000a\000s\000s\000o\000\040\000s\000u\000l\000l\000e\000\040\000c\000o\000o\000r\000d\000i\000n\000a\000t\000e\000\040\000s\000f\000e\000r\000i\000c\000h\000e}{section.3.6}% 35
\BOOKMARK [2][-]{subsection.3.6.2}{\376\377\000A\000u\000t\000o\000v\000a\000l\000o\000r\000i\000\040\000e\000\040\000a\000u\000t\000o\000f\000u\000n\000z\000i\000o\000n\000i\000\040\000d\000i\000\040\000L\000z}{section.3.6}% 36
\BOOKMARK [2][-]{subsection.3.6.3}{\376\377\000A\000u\000t\000o\000v\000a\000l\000o\000r\000i\000\040\000e\000\040\000a\000u\000t\000o\000f\000u\000n\000z\000i\000o\000n\000i\000\040\000d\000i\000\040\000L\0002}{section.3.6}% 37
\BOOKMARK [2][-]{subsection.3.6.4}{\376\377\000O\000p\000e\000r\000a\000t\000o\000r\000i\000\040\000d\000i\000\040\000i\000n\000n\000a\000l\000z\000a\000m\000e\000n\000t\000o\000\040\000e\000\040\000a\000b\000b\000a\000s\000s\000a\000m\000e\000n\000t\000o\000\040\000d\000e\000l\000\040\000m\000o\000m\000e\000n\000t\000o\000\040\000a\000n\000g\000o\000l\000a\000r\000e}{section.3.6}% 38
\BOOKMARK [0][-]{chapter.4}{\376\377\000S\000i\000s\000t\000e\000m\000i\000\040\000n\000o\000t\000i}{}% 39
\BOOKMARK [1][-]{section.4.1}{\376\377\000E\000q\000u\000a\000z\000i\000o\000n\000e\000\040\000d\000i\000\040\000S\000c\000h\000r\000\366\000d\000i\000n\000g\000e\000r\000\040\000p\000e\000r\000\040\000s\000i\000s\000t\000e\000m\000i\000\040\0001\000D}{chapter.4}% 40
\BOOKMARK [2][-]{subsection.4.1.1}{\376\377\000P\000a\000r\000t\000i\000c\000e\000l\000l\000a\000\040\000l\000i\000b\000e\000r\000a}{section.4.1}% 41
\BOOKMARK [2][-]{subsection.4.1.2}{\376\377\000T\000e\000o\000r\000e\000m\000a\000\040\000d\000i\000\040\000d\000e\000g\000e\000n\000e\000r\000a\000z\000i\000o\000n\000e\000\040\000e\000\040\000i\000n\000v\000e\000r\000s\000i\000o\000n\000i\000\040\000s\000p\000a\000z\000i\000a\000l\000i}{section.4.1}% 42
\BOOKMARK [2][-]{subsection.4.1.3}{\376\377\000L\000'\000e\000q\000u\000a\000z\000i\000o\000n\000e\000\040\000d\000i\000\040\000S\000c\000h\000r\000\366\000d\000i\000n\000g\000e\000r}{section.4.1}% 43
\BOOKMARK [2][-]{subsection.4.1.4}{\376\377\000S\000o\000l\000u\000z\000i\000o\000n\000i\000\040\000d\000e\000l\000l\000'\000e\000q\000u\000a\000z\000i\000o\000n\000e\000\040\000d\000i\000\040\000S\000c\000h\000r\000\366\000d\000i\000n\000g\000e\000r}{section.4.1}% 44
\BOOKMARK [3][-]{subsubsection.4.1.4.1}{\376\377\000A\000u\000t\000o\000v\000a\000l\000o\000r\000i\000\040\000d\000i\000s\000c\000r\000e\000t\000i}{subsection.4.1.4}% 45
\BOOKMARK [3][-]{subsubsection.4.1.4.2}{\376\377\000A\000u\000t\000o\000v\000a\000l\000o\000r\000i\000\040\000c\000o\000n\000t\000i\000n\000u\000i}{subsection.4.1.4}% 46
\BOOKMARK [1][-]{section.4.2}{\376\377\000L\000'\000o\000s\000c\000i\000l\000l\000a\000t\000o\000r\000e\000\040\000a\000r\000m\000o\000n\000i\000c\000o\000\040\000\050\000C\000a\000s\000o\000\040\0001\000D\000\051}{chapter.4}% 47
\BOOKMARK [2][-]{subsection.4.2.1}{\376\377\000S\000p\000e\000t\000t\000r\000o\000\040\000e\000\040\000a\000u\000t\000o\000v\000e\000t\000t\000o\000r\000i\000\040\000d\000e\000l\000l\000'\000o\000s\000c\000i\000l\000l\000a\000t\000o\000r\000e\000\040\000a\000r\000m\000o\000n\000i\000c\000o}{section.4.2}% 48
\BOOKMARK [2][-]{subsection.4.2.2}{\376\377\000L\000'\000o\000s\000c\000i\000l\000l\000a\000t\000o\000r\000e\000\040\000a\000r\000m\000o\000n\000i\000c\000o\000\040\0001\000D\000\040\000i\000n\000\040\000R\000S}{section.4.2}% 49
\BOOKMARK [1][-]{section.4.3}{\376\377\000L\000'\000o\000s\000c\000i\000l\000l\000a\000t\000o\000r\000e\000\040\000a\000r\000m\000o\000n\000i\000c\000o\000\040\000\050\000C\000a\000s\000o\000\040\0003\000D\000\051}{chapter.4}% 50
\BOOKMARK [1][-]{section.4.4}{\376\377\000L\000a\000\040\000b\000u\000c\000a\000\040\000d\000i\000\040\000p\000o\000t\000e\000n\000z\000i\000a\000l\000e\000\040\000\050\000c\000a\000s\000o\000\040\0001\000D\000\051}{chapter.4}% 51
\BOOKMARK [2][-]{subsection.4.4.1}{\376\377\000C\000a\000s\000o\000\040\000d\000i\000\040\000b\000u\000c\000a\000\040\000i\000n\000f\000i\000n\000i\000t\000a}{section.4.4}% 52
\BOOKMARK [1][-]{section.4.5}{\376\377\000B\000a\000r\000r\000i\000e\000r\000a\000\040\000d\000i\000\040\000p\000o\000t\000e\000n\000z\000i\000a\000l\000e\000\040\000e\000d\000\040\000e\000f\000f\000e\000t\000t\000o\000\040\000t\000u\000n\000n\000e\000l}{chapter.4}% 53
\BOOKMARK [0][-]{chapter.5}{\376\377\000E\000q\000u\000a\000z\000i\000o\000n\000e\000\040\000d\000i\000\040\000S\000c\000h\000r\000\366\000d\000i\000n\000g\000e\000r\000\040\000n\000e\000l\000\040\000c\000a\000s\000o\000\040\0003\000d\000\040\000e\000\040\000p\000o\000t\000e\000n\000z\000i\000a\000l\000i\000\040\000c\000e\000n\000t\000r\000a\000l\000i}{}% 54
\BOOKMARK [1][-]{section.5.1}{\376\377\000E\000q\000u\000a\000z\000i\000o\000n\000e\000\040\000d\000i\000\040\000S\000c\000h\000r\000\366\000d\000i\000n\000g\000e\000r\000\040\000n\000e\000l\000\040\000c\000a\000s\000o\000\040\0003\000d}{chapter.5}% 55
\BOOKMARK [1][-]{section.5.2}{\376\377\000P\000o\000t\000e\000n\000z\000i\000a\000l\000i\000\040\000c\000e\000n\000t\000r\000a\000l\000i}{chapter.5}% 56
\BOOKMARK [1][-]{section.5.3}{\376\377\000P\000r\000o\000b\000l\000e\000m\000i\000\040\000a\000\040\000d\000u\000e\000\040\000c\000o\000r\000p\000i}{chapter.5}% 57
\BOOKMARK [2][-]{subsection.5.3.1}{\376\377\000S\000i\000s\000t\000e\000m\000a\000\040\000d\000i\000\040\000r\000i\000f\000e\000r\000i\000m\000e\000n\000t\000o\000\040\000f\000i\000s\000s\000o\000\040\000e\000s\000t\000e\000r\000n\000o}{section.5.3}% 58
\BOOKMARK [2][-]{subsection.5.3.2}{\376\377\000N\000e\000l\000\040\000s\000i\000s\000t\000e\000m\000a\000\040\000d\000e\000l\000\040\000c\000e\000n\000t\000r\000o\000\040\000d\000i\000\040\000m\000a\000s\000s\000a}{section.5.3}% 59
\BOOKMARK [1][-]{section.5.4}{\376\377\000L\000'\000a\000t\000o\000m\000o\000\040\000d\000'\000I\000d\000r\000o\000g\000e\000n\000o}{chapter.5}% 60
\BOOKMARK [0][-]{chapter.6}{\376\377\000S\000i\000s\000t\000e\000m\000i\000\040\000c\000o\000m\000p\000o\000s\000t\000i\000\040\000e\000\040\000p\000r\000i\000n\000c\000i\000p\000i\000o\000\040\000d\000i\000\040\000P\000a\000u\000l\000i}{}% 61
\BOOKMARK [1][-]{section.6.1}{\376\377\000P\000r\000o\000d\000o\000t\000t\000o\000\040\000t\000e\000n\000s\000o\000r\000i\000a\000l\000e\000\040\000d\000i\000\040\000s\000p\000a\000z\000i\000\040\000d\000i\000\040\000H\000i\000l\000b\000e\000r\000t}{chapter.6}% 62
\BOOKMARK [2][-]{subsection.6.1.1}{\376\377\000T\000i\000p\000o\000l\000o\000g\000i\000e\000\040\000d\000i\000\040\000s\000t\000a\000t\000i}{section.6.1}% 63
\BOOKMARK [1][-]{section.6.2}{\376\377\000M\000o\000m\000e\000n\000t\000o\000\040\000d\000i\000\040\000s\000p\000i\000n\000\040\000d\000e\000l\000l\000'\000e\000l\000e\000t\000t\000r\000o\000n\000e}{chapter.6}% 64
\BOOKMARK [2][-]{subsection.6.2.1}{\376\377\000R\000a\000p\000p\000r\000e\000s\000e\000n\000t\000a\000z\000i\000o\000n\000i\000\040\000m\000a\000t\000r\000i\000c\000i\000a\000l\000i\000\040\000d\000e\000l\000l\000o\000\040\000s\000p\000i\000n}{section.6.2}% 65
\BOOKMARK [1][-]{section.6.3}{\376\377\000C\000o\000m\000p\000o\000s\000i\000z\000i\000o\000n\000e\000\040\000d\000e\000i\000\040\000m\000o\000m\000e\000n\000t\000i\000\040\000a\000n\000g\000o\000l\000a\000r\000i}{chapter.6}% 66
\BOOKMARK [2][-]{subsection.6.3.1}{\376\377\000S\000t\000a\000t\000i\000\040\000d\000i\000\040\000s\000i\000n\000g\000o\000l\000e\000t\000t\000o\000\040\000e\000\040\000t\000r\000i\000p\000l\000e\000t\000t\000o}{section.6.3}% 67
\BOOKMARK [1][-]{section.6.4}{\376\377\000L\000'\000o\000p\000e\000r\000a\000t\000o\000r\000e\000\040\000d\000i\000\040\000s\000c\000a\000m\000b\000i\000o\000\040\000e\000\040\000i\000l\000\040\000p\000r\000i\000n\000c\000i\000p\000i\000o\000\040\000d\000i\000\040\000P\000a\000u\000l\000i}{chapter.6}% 68
\BOOKMARK [2][-]{subsection.6.4.1}{\376\377\000P\000r\000i\000n\000c\000i\000p\000i\000o\000\040\000d\000i\000\040\000P\000a\000u\000l\000i}{section.6.4}% 69
\BOOKMARK [0][-]{chapter.7}{\376\377\000T\000e\000o\000r\000i\000a\000\040\000d\000e\000l\000l\000e\000\040\000p\000e\000r\000t\000u\000r\000b\000a\000z\000i\000o\000n\000i}{}% 70
\BOOKMARK [1][-]{section.7.1}{\376\377\000P\000e\000r\000t\000u\000r\000b\000a\000z\000i\000o\000n\000i\000\040\000i\000n\000d\000i\000p\000e\000n\000d\000e\000n\000t\000i\000\040\000d\000a\000l\000\040\000t\000e\000m\000p\000o}{chapter.7}% 71
\BOOKMARK [2][-]{subsection.7.1.1}{\376\377\000P\000e\000r\000t\000u\000r\000b\000a\000z\000i\000o\000n\000e\000\040\000a\000l\000\040\000I\000\040\000o\000r\000d\000i\000n\000e}{section.7.1}% 72
\BOOKMARK [2][-]{subsection.7.1.2}{\376\377\000P\000e\000r\000t\000u\000r\000b\000a\000z\000i\000o\000n\000e\000\040\000a\000l\000\040\000I\000I\000\040\000o\000r\000d\000i\000n\000e}{section.7.1}% 73
\BOOKMARK [2][-]{subsection.7.1.3}{\376\377\000C\000a\000s\000o\000\040\000d\000e\000g\000e\000n\000e\000r\000e}{section.7.1}% 74
\BOOKMARK [1][-]{section.7.2}{\376\377\000P\000e\000r\000t\000u\000r\000b\000a\000z\000i\000o\000n\000i\000\040\000d\000i\000p\000e\000n\000d\000e\000n\000t\000i\000\040\000d\000a\000l\000\040\000t\000e\000m\000p\000o\000\040\000\050\000i\000n\000c\000o\000m\000p\000l\000e\000t\000e\000\051}{chapter.7}% 75
\BOOKMARK [2][-]{subsection.7.2.1}{\376\377\000O\000s\000c\000i\000l\000l\000a\000z\000i\000o\000n\000i\000\040\000a\000r\000m\000o\000n\000i\000c\000h\000e\000\040\000\050\000m\000a\000n\000c\000a\000n\000t\000i\000\051}{section.7.2}% 76
